<?xml version="1.0" encoding="UTF-8"?>
<!-- Generated by org.testng.reporters.JUnitReportReporter -->
<testsuite hostname="GDL-L-12482" failures="0" tests="2" name="qaclickacademy.MavenJava.AppiumTest" time="0.000" errors="0" timestamp="2021-06-05T17:30:26 EDT" skipped="0">
  <testcase classname="qaclickacademy.MavenJava.AppiumTest" name="NativeAppAndroid" time="0.000"/>
  <system-out/>
  <testcase classname="qaclickacademy.MavenJava.AppiumTest" name="iOSApps" time="0.000"/>
  <system-out/>
</testsuite> <!-- qaclickacademy.MavenJava.AppiumTest -->
