<?xml version="1.0" encoding="UTF-8"?>
<!-- Generated by org.testng.reporters.JUnitReportReporter -->
<testsuite hostname="GDL-L-12482" failures="0" tests="2" name="qaclickacademy.MavenJava.RESTAPITest" time="0.004" errors="0" timestamp="2021-06-05T17:30:53 EDT" skipped="0">
  <testcase classname="qaclickacademy.MavenJava.RESTAPITest" name="PostJira" time="0.000"/>
  <system-out/>
  <testcase classname="qaclickacademy.MavenJava.RESTAPITest" name="DeleteTwitter" time="0.004"/>
  <system-out/>
</testsuite> <!-- qaclickacademy.MavenJava.RESTAPITest -->
